2019-07-25 04:09:28 credential/login error (Invalid username or password)
2019-07-25 04:10:54 msg     1/10138 (1681 bytes) msgid 1/1 from <unknown> delivered to Maildir /home/sole/.personal/mail/
2019-07-25 04:10:54 msg     2/10138 (1034 bytes) msgid 1/2 from <unknown> delivered to Maildir /home/sole/.personal/mail/
2019-07-25 04:10:55 msg     3/10138 (2347 bytes) msgid 1/3 from <unknown> delivered to Maildir /home/sole/.personal/mail/
2019-07-25 04:10:55 msg     4/10138 (2712 bytes) msgid 1/4 from <unknown> delivered to Maildir /home/sole/.personal/mail/
2019-07-25 04:10:55 msg     5/10138 (3222 bytes) msgid 1/5 from <unknown> delivered to Maildir /home/sole/.personal/mail/
2019-07-25 04:10:55 msg     6/10138 (1408 bytes) msgid 1/6 from <unknown> delivered to Maildir /home/sole/.personal/mail/
2019-07-25 04:10:56 msg     7/10138 (3759 bytes) msgid 1/7 from <unknown> delivered to Maildir /home/sole/.personal/mail/
2019-07-25 04:10:56 msg     8/10138 (2564 bytes) msgid 1/8 from <unknown> delivered to Maildir /home/sole/.personal/mail/
2019-07-25 04:10:57 msg     9/10138 (6606 bytes) msgid 1/9 from <unknown> delivered to Maildir /home/sole/.personal/mail/
2019-07-25 04:10:57 msg    10/10138 (106089 bytes) msgid 1/10 from <unknown> delivered to Maildir /home/sole/.personal/mail/
2019-07-25 04:10:57 msg    11/10138 (57821 bytes) msgid 1/11 from <unknown> delivered to Maildir /home/sole/.personal/mail/
2019-07-25 04:10:58 msg    12/10138 (1905 bytes) msgid 1/12 from <unknown> delivered to Maildir /home/sole/.personal/mail/
2019-07-25 04:10:59 msg    13/10138 (31771 bytes) msgid 1/13 from <unknown> delivered to Maildir /home/sole/.personal/mail/
2019-07-25 04:11:00 msg    14/10138 (1388 bytes) msgid 1/14 from <unknown> delivered to Maildir /home/sole/.personal/mail/
2019-07-25 04:11:00 msg    15/10138 (20945 bytes) msgid 1/15 from <unknown> delivered to Maildir /home/sole/.personal/mail/
2019-07-25 04:11:03 msg    16/10138 (1385092 bytes) msgid 1/16 from <unknown> delivered to Maildir /home/sole/.personal/mail/
2019-07-25 04:11:03 msg    17/10138 (3397 bytes) msgid 1/17 from <unknown> delivered to Maildir /home/sole/.personal/mail/
2019-07-25 04:11:03 msg    18/10138 (33251 bytes) msgid 1/18 from <unknown> delivered to Maildir /home/sole/.personal/mail/
2019-07-25 04:11:04 msg    19/10138 (18997 bytes) msgid 1/19 from <unknown> delivered to Maildir /home/sole/.personal/mail/
2019-07-25 04:11:04 msg    20/10138 (28968 bytes) msgid 1/20 from <unknown> delivered to Maildir /home/sole/.personal/mail/
2019-07-25 04:11:04 msg    21/10138 (39952 bytes) msgid 1/21 from <unknown> delivered to Maildir /home/sole/.personal/mail/
2019-07-25 04:11:05 msg    22/10138 (12307 bytes) msgid 1/22 from <unknown> delivered to Maildir /home/sole/.personal/mail/
2019-07-25 04:11:05 msg    23/10138 (51176 bytes) msgid 1/23 from <unknown> delivered to Maildir /home/sole/.personal/mail/
2019-07-25 04:11:06 msg    24/10138 (16053 bytes) msgid 1/24 from <unknown> delivered to Maildir /home/sole/.personal/mail/
2019-07-25 04:11:06 msg    25/10138 (26959 bytes) msgid 1/25 from <unknown> delivered to Maildir /home/sole/.personal/mail/
2019-07-25 04:11:06 msg    26/10138 (76585 bytes) msgid 1/26 from <unknown> delivered to Maildir /home/sole/.personal/mail/
2019-07-25 04:11:07 msg    27/10138 (37122 bytes) msgid 1/27 from <unknown> delivered to Maildir /home/sole/.personal/mail/
2019-07-25 04:11:07 msg    28/10138 (7252 bytes) msgid 1/28 from <unknown> delivered to Maildir /home/sole/.personal/mail/
2019-07-25 04:11:07 msg    29/10138 (2816 bytes) msgid 1/29 from <unknown> delivered to Maildir /home/sole/.personal/mail/
2019-07-25 04:11:08 msg    30/10138 (117829 bytes) msgid 1/30 from <unknown> delivered to Maildir /home/sole/.personal/mail/
2019-07-25 04:11:08 msg    31/10138 (33596 bytes) msgid 1/31 from <unknown> delivered to Maildir /home/sole/.personal/mail/
2019-07-25 04:11:08 msg    32/10138 (88195 bytes) msgid 1/32 from <unknown> delivered to Maildir /home/sole/.personal/mail/
2019-07-25 04:11:09 msg    33/10138 (6134 bytes) msgid 1/33 from <unknown> delivered to Maildir /home/sole/.personal/mail/
2019-07-25 04:11:09 msg    34/10138 (46964 bytes) msgid 1/34 from <unknown> delivered to Maildir /home/sole/.personal/mail/
2019-07-25 04:11:09 msg    35/10138 (1108 bytes) msgid 1/35 from <unknown> delivered to Maildir /home/sole/.personal/mail/
2019-07-25 04:11:10 msg    36/10138 (29570 bytes) msgid 1/36 from <unknown> delivered to Maildir /home/sole/.personal/mail/
2019-07-25 04:11:10 msg    37/10138 (96686 bytes) msgid 1/37 from <unknown> delivered to Maildir /home/sole/.personal/mail/
2019-07-25 04:11:11 msg    38/10138 (70822 bytes) msgid 1/38 from <unknown> delivered to Maildir /home/sole/.personal/mail/
2019-07-25 04:11:11 msg    39/10138 (57187 bytes) msgid 1/39 from <unknown> delivered to Maildir /home/sole/.personal/mail/
2019-07-25 04:11:11 msg    40/10138 (5902 bytes) msgid 1/40 from <unknown> delivered to Maildir /home/sole/.personal/mail/
2019-07-25 04:11:12 msg    41/10138 (102925 bytes) msgid 1/41 from <unknown> delivered to Maildir /home/sole/.personal/mail/
2019-07-25 04:11:12 msg    42/10138 (372899 bytes) msgid 1/42 from <unknown> delivered to Maildir /home/sole/.personal/mail/
2019-07-25 04:11:13 msg    43/10138 (93071 bytes) msgid 1/43 from <unknown> delivered to Maildir /home/sole/.personal/mail/
2019-07-25 04:11:13 msg    44/10138 (49220 bytes) msgid 1/44 from <unknown> delivered to Maildir /home/sole/.personal/mail/
2019-07-25 04:11:13 msg    45/10138 (33303 bytes) msgid 1/45 from <unknown> delivered to Maildir /home/sole/.personal/mail/
2019-07-25 04:11:14 msg    46/10138 (6919 bytes) msgid 1/46 from <unknown> delivered to Maildir /home/sole/.personal/mail/
2019-07-25 04:11:14 msg    47/10138 (95401 bytes) msgid 1/47 from <unknown> delivered to Maildir /home/sole/.personal/mail/
2019-07-25 04:11:14 msg    48/10138 (26427 bytes) msgid 1/48 from <unknown> delivered to Maildir /home/sole/.personal/mail/
2019-07-25 04:11:15 msg    49/10138 (29123 bytes) msgid 1/49 from <unknown> delivered to Maildir /home/sole/.personal/mail/
2019-07-25 04:11:16 msg    50/10138 (236805 bytes) msgid 1/50 from <unknown> delivered to Maildir /home/sole/.personal/mail/
2019-07-25 04:11:16 msg    51/10138 (34902 bytes) msgid 1/51 from <unknown> delivered to Maildir /home/sole/.personal/mail/
2019-07-25 04:11:17 msg    52/10138 (3125 bytes) msgid 1/52 from <unknown> delivered to Maildir /home/sole/.personal/mail/
2019-07-25 04:11:17 msg    53/10138 (2747 bytes) msgid 1/53 from <unknown> delivered to Maildir /home/sole/.personal/mail/
2019-07-25 04:11:17 msg    54/10138 (35402 bytes) msgid 1/54 from <unknown> delivered to Maildir /home/sole/.personal/mail/
2019-07-25 04:11:18 msg    55/10138 (61457 bytes) msgid 1/55 from <unknown> delivered to Maildir /home/sole/.personal/mail/
2019-07-25 04:11:18 msg    56/10138 (34552 bytes) msgid 1/56 from <unknown> delivered to Maildir /home/sole/.personal/mail/
2019-07-25 04:11:18 msg    57/10138 (115755 bytes) msgid 1/57 from <unknown> delivered to Maildir /home/sole/.personal/mail/
2019-07-25 04:11:19 msg    58/10138 (61583 bytes) msgid 1/58 from <unknown> delivered to Maildir /home/sole/.personal/mail/
2019-07-25 04:11:19 msg    59/10138 (12966 bytes) msgid 1/59 from <unknown> delivered to Maildir /home/sole/.personal/mail/
2019-07-25 04:11:19 msg    60/10138 (36516 bytes) msgid 1/60 from <unknown> delivered to Maildir /home/sole/.personal/mail/
2019-07-25 04:11:20 msg    61/10138 (46093 bytes) msgid 1/61 from <unknown> delivered to Maildir /home/sole/.personal/mail/
2019-07-25 04:11:20 msg    62/10138 (141957 bytes) msgid 1/62 from <unknown> delivered to Maildir /home/sole/.personal/mail/
2019-07-25 04:11:21 msg    63/10138 (2653 bytes) msgid 1/63 from <unknown> delivered to Maildir /home/sole/.personal/mail/
2019-07-25 04:11:21 msg    64/10138 (7256 bytes) msgid 1/64 from <unknown> delivered to Maildir /home/sole/.personal/mail/
2019-07-25 04:11:22 msg    65/10138 (47541 bytes) msgid 1/65 from <unknown> delivered to Maildir /home/sole/.personal/mail/
2019-07-25 04:11:22 msg    66/10138 (5618 bytes) msgid 1/66 from <unknown> delivered to Maildir /home/sole/.personal/mail/
2019-07-25 04:11:22 msg    67/10138 (87927 bytes) msgid 1/67 from <unknown> delivered to Maildir /home/sole/.personal/mail/
2019-07-25 04:11:23 msg    68/10138 (64210 bytes) msgid 1/68 from <unknown> delivered to Maildir /home/sole/.personal/mail/
2019-07-25 04:11:23 msg    69/10138 (63161 bytes) msgid 1/69 from <unknown> delivered to Maildir /home/sole/.personal/mail/
2019-07-25 04:11:23 msg    70/10138 (53047 bytes) msgid 1/70 from <unknown> delivered to Maildir /home/sole/.personal/mail/
2019-07-25 04:11:24 msg    71/10138 (124108 bytes) msgid 1/71 from <unknown> delivered to Maildir /home/sole/.personal/mail/
2019-07-25 04:11:24 msg    72/10138 (125710 bytes) msgid 1/72 from <unknown> delivered to Maildir /home/sole/.personal/mail/
2019-07-25 04:11:25 msg    73/10138 (108106 bytes) msgid 1/73 from <unknown> delivered to Maildir /home/sole/.personal/mail/
2019-07-25 04:11:25 msg    74/10138 (64210 bytes) msgid 1/74 from <unknown> delivered to Maildir /home/sole/.personal/mail/
2019-07-25 04:11:25 msg    75/10138 (29863 bytes) msgid 1/75 from <unknown> delivered to Maildir /home/sole/.personal/mail/
2019-07-25 04:11:26 msg    76/10138 (6154 bytes) msgid 1/76 from <unknown> delivered to Maildir /home/sole/.personal/mail/
2019-07-25 04:11:26 msg    77/10138 (27159 bytes) msgid 1/77 from <unknown> delivered to Maildir /home/sole/.personal/mail/
2019-07-25 04:11:26 msg    78/10138 (4564 bytes) msgid 1/78 from <unknown> delivered to Maildir /home/sole/.personal/mail/
2019-07-25 04:11:26 msg    79/10138 (9965 bytes) msgid 1/79 from <unknown> delivered to Maildir /home/sole/.personal/mail/
2019-07-25 04:11:27 msg    80/10138 (9953 bytes) msgid 1/80 from <unknown> delivered to Maildir /home/sole/.personal/mail/
2019-07-25 04:11:27 msg    81/10138 (24418 bytes) msgid 1/81 from <unknown> delivered to Maildir /home/sole/.personal/mail/
2019-07-25 04:11:28 msg    82/10138 (119383 bytes) msgid 1/82 from <unknown> delivered to Maildir /home/sole/.personal/mail/
2019-07-25 04:11:28 msg    83/10138 (97744 bytes) msgid 1/83 from <unknown> delivered to Maildir /home/sole/.personal/mail/
2019-07-25 04:11:28 msg    84/10138 (14784 bytes) msgid 1/84 from <unknown> delivered to Maildir /home/sole/.personal/mail/
2019-07-25 04:11:29 msg    85/10138 (50355 bytes) msgid 1/85 from <unknown> delivered to Maildir /home/sole/.personal/mail/
2019-07-25 04:11:29 msg    86/10138 (116589 bytes) msgid 1/86 from <unknown> delivered to Maildir /home/sole/.personal/mail/
2019-07-25 04:11:29 msg    87/10138 (2523 bytes) msgid 1/87 from <unknown> delivered to Maildir /home/sole/.personal/mail/
2019-07-25 04:11:30 msg    88/10138 (8147 bytes) msgid 1/88 from <unknown> delivered to Maildir /home/sole/.personal/mail/
2019-07-25 04:11:30 msg    89/10138 (52522 bytes) msgid 1/89 from <unknown> delivered to Maildir /home/sole/.personal/mail/
2019-07-25 04:11:30 msg    90/10138 (24048 bytes) msgid 1/90 from <unknown> delivered to Maildir /home/sole/.personal/mail/
2019-07-25 04:11:31 msg    91/10138 (117431 bytes) msgid 1/91 from <unknown> delivered to Maildir /home/sole/.personal/mail/
2019-07-25 04:11:31 msg    92/10138 (54580 bytes) msgid 1/92 from <unknown> delivered to Maildir /home/sole/.personal/mail/
2019-07-25 04:11:31 msg    93/10138 (39977 bytes) msgid 1/93 from <unknown> delivered to Maildir /home/sole/.personal/mail/
2019-07-25 04:11:32 msg    94/10138 (106634 bytes) msgid 1/94 from <unknown> delivered to Maildir /home/sole/.personal/mail/
2019-07-25 04:11:32 msg    95/10138 (51303 bytes) msgid 1/95 from <unknown> delivered to Maildir /home/sole/.personal/mail/
2019-07-25 04:11:32 msg    96/10138 (43856 bytes) msgid 1/96 from <unknown> delivered to Maildir /home/sole/.personal/mail/
2019-07-25 04:11:34 msg    97/10138 (541257 bytes) msgid 1/97 from <unknown> delivered to Maildir /home/sole/.personal/mail/
2019-07-25 04:11:34 msg    98/10138 (5801 bytes) msgid 1/98 from <unknown> delivered to Maildir /home/sole/.personal/mail/
2019-07-25 04:11:34 msg    99/10138 (77101 bytes) msgid 1/99 from <unknown> delivered to Maildir /home/sole/.personal/mail/
2019-07-25 04:11:35 msg   100/10138 (29359 bytes) msgid 1/100 from <unknown> delivered to Maildir /home/sole/.personal/mail/
2019-07-25 04:11:35 msg   101/10138 (65296 bytes) msgid 1/101 from <unknown> delivered to Maildir /home/sole/.personal/mail/
2019-07-25 04:11:36 msg   102/10138 (27801 bytes) msgid 1/102 from <unknown> delivered to Maildir /home/sole/.personal/mail/
2019-07-25 04:11:36 msg   103/10138 (18700 bytes) msgid 1/103 from <unknown> delivered to Maildir /home/sole/.personal/mail/
2019-07-25 04:11:36 msg   104/10138 (6114 bytes) msgid 1/104 from <unknown> delivered to Maildir /home/sole/.personal/mail/
2019-07-25 04:11:36 msg   105/10138 (11409 bytes) msgid 1/105 from <unknown> delivered to Maildir /home/sole/.personal/mail/
2019-07-25 04:11:37 msg   106/10138 (29338 bytes) msgid 1/106 from <unknown> delivered to Maildir /home/sole/.personal/mail/
2019-07-25 04:11:37 msg   107/10138 (33206 bytes) msgid 1/107 from <unknown> delivered to Maildir /home/sole/.personal/mail/
2019-07-25 04:11:37 msg   108/10138 (8485 bytes) msgid 1/108 from <unknown> delivered to Maildir /home/sole/.personal/mail/
2019-07-25 04:11:38 msg   109/10138 (120501 bytes) msgid 1/109 from <unknown> delivered to Maildir /home/sole/.personal/mail/
2019-07-25 04:11:38 msg   110/10138 (15931 bytes) msgid 1/110 from <unknown> delivered to Maildir /home/sole/.personal/mail/
2019-07-25 04:11:39 msg   111/10138 (2511 bytes) msgid 1/111 from <unknown> delivered to Maildir /home/sole/.personal/mail/
2019-07-25 04:11:45 msg   112/10138 (3895793 bytes) msgid 1/112 from <unknown> delivered to Maildir /home/sole/.personal/mail/
2019-07-25 04:11:45 msg   113/10138 (79891 bytes) msgid 1/113 from <unknown> delivered to Maildir /home/sole/.personal/mail/
2019-07-25 04:11:46 msg   114/10138 (74003 bytes) msgid 1/114 from <unknown> delivered to Maildir /home/sole/.personal/mail/
2019-07-25 04:11:46 msg   115/10138 (58440 bytes) msgid 1/115 from <unknown> delivered to Maildir /home/sole/.personal/mail/
2019-07-25 04:11:46 msg   116/10138 (8171 bytes) msgid 1/116 from <unknown> delivered to Maildir /home/sole/.personal/mail/
2019-07-25 04:11:47 msg   117/10138 (39977 bytes) msgid 1/117 from <unknown> delivered to Maildir /home/sole/.personal/mail/
2019-07-25 04:11:47 msg   118/10138 (6504 bytes) msgid 1/118 from <unknown> delivered to Maildir /home/sole/.personal/mail/
2019-07-25 04:11:47 msg   119/10138 (13609 bytes) msgid 1/119 from <unknown> delivered to Maildir /home/sole/.personal/mail/
2019-07-25 04:11:48 msg   120/10138 (183328 bytes) msgid 1/120 from <unknown> delivered to Maildir /home/sole/.personal/mail/
2019-07-25 04:11:48 msg   121/10138 (5121 bytes) msgid 1/121 from <unknown> delivered to Maildir /home/sole/.personal/mail/
2019-07-25 04:11:49 msg   122/10138 (8436 bytes) msgid 1/122 from <unknown> delivered to Maildir /home/sole/.personal/mail/
2019-07-25 04:11:49 msg   123/10138 (227324 bytes) msgid 1/123 from <unknown> delivered to Maildir /home/sole/.personal/mail/
2019-07-25 04:11:49 msg   124/10138 (10986 bytes) msgid 1/124 from <unknown> delivered to Maildir /home/sole/.personal/mail/
2019-07-25 04:11:50 msg   125/10138 (29151 bytes) msgid 1/125 from <unknown> delivered to Maildir /home/sole/.personal/mail/
2019-07-25 04:11:50 msg   126/10138 (118610 bytes) msgid 1/126 from <unknown> delivered to Maildir /home/sole/.personal/mail/
2019-07-25 04:11:51 msg   127/10138 (90839 bytes) msgid 1/127 from <unknown> delivered to Maildir /home/sole/.personal/mail/
2019-07-25 04:11:51 msg   128/10138 (4101 bytes) msgid 1/128 from <unknown> delivered to Maildir /home/sole/.personal/mail/
2019-07-25 04:11:51 msg   129/10138 (25443 bytes) msgid 1/129 from <unknown> delivered to Maildir /home/sole/.personal/mail/
2019-07-25 04:11:51 msg   130/10138 (15585 bytes) msgid 1/130 from <unknown> delivered to Maildir /home/sole/.personal/mail/
2019-07-25 04:11:52 msg   131/10138 (14784 bytes) msgid 1/131 from <unknown> delivered to Maildir /home/sole/.personal/mail/
2019-07-25 04:11:52 msg   132/10138 (77089 bytes) msgid 1/132 from <unknown> delivered to Maildir /home/sole/.personal/mail/
2019-07-25 04:11:52 msg   133/10138 (124332 bytes) msgid 1/133 from <unknown> delivered to Maildir /home/sole/.personal/mail/
2019-07-25 04:11:53 msg   134/10138 (117833 bytes) msgid 1/134 from <unknown> delivered to Maildir /home/sole/.personal/mail/
2019-07-25 04:11:53 msg   135/10138 (13234 bytes) msgid 1/135 from <unknown> delivered to Maildir /home/sole/.personal/mail/
2019-07-25 04:11:54 msg   136/10138 (122087 bytes) msgid 1/136 from <unknown> delivered to Maildir /home/sole/.personal/mail/
2019-07-25 04:11:54 msg   137/10138 (16602 bytes) msgid 1/137 from <unknown> delivered to Maildir /home/sole/.personal/mail/
2019-07-25 04:11:54 msg   138/10138 (9696 bytes) msgid 1/138 from <unknown> delivered to Maildir /home/sole/.personal/mail/
2019-07-25 04:11:55 msg   139/10138 (6207 bytes) msgid 1/139 from <unknown> delivered to Maildir /home/sole/.personal/mail/
2019-07-25 04:11:55 msg   140/10138 (6207 bytes) msgid 1/140 from <unknown> delivered to Maildir /home/sole/.personal/mail/
2019-07-25 04:11:55 msg   141/10138 (75063 bytes) msgid 1/141 from <unknown> delivered to Maildir /home/sole/.personal/mail/
2019-07-25 04:11:56 msg   142/10138 (26809 bytes) msgid 1/142 from <unknown> delivered to Maildir /home/sole/.personal/mail/
2019-07-25 04:11:56 msg   143/10138 (114958 bytes) msgid 1/143 from <unknown> delivered to Maildir /home/sole/.personal/mail/
2019-07-25 04:11:57 msg   144/10138 (8036 bytes) msgid 1/144 from <unknown> delivered to Maildir /home/sole/.personal/mail/
2019-07-25 04:11:57 msg   145/10138 (1291 bytes) msgid 1/145 from <unknown> delivered to Maildir /home/sole/.personal/mail/
2019-07-25 04:11:57 msg   146/10138 (1624 bytes) msgid 1/146 from <unknown> delivered to Maildir /home/sole/.personal/mail/
2019-07-25 04:11:57 msg   147/10138 (1892 bytes) msgid 1/147 from <unknown> delivered to Maildir /home/sole/.personal/mail/
2019-07-25 04:11:58 msg   148/10138 (3332 bytes) msgid 1/148 from <unknown> delivered to Maildir /home/sole/.personal/mail/
2019-07-25 04:11:58 msg   149/10138 (1901 bytes) msgid 1/149 from <unknown> delivered to Maildir /home/sole/.personal/mail/
2019-07-25 04:11:58 msg   150/10138 (1262 bytes) msgid 1/150 from <unknown> delivered to Maildir /home/sole/.personal/mail/
2019-07-25 04:11:59 msg   151/10138 (11079 bytes) msgid 1/151 from <unknown> delivered to Maildir /home/sole/.personal/mail/
2019-07-25 04:11:59 msg   152/10138 (1604 bytes) msgid 1/152 from <unknown> delivered to Maildir /home/sole/.personal/mail/
2019-07-25 04:11:59 msg   153/10138 (1892 bytes) msgid 1/153 from <unknown> delivered to Maildir /home/sole/.personal/mail/
2019-07-25 04:12:00 msg   154/10138 (12023 bytes) msgid 1/154 from <unknown> delivered to Maildir /home/sole/.personal/mail/
2019-07-25 04:12:01 msg   155/10138 (1791 bytes) msgid 1/155 from <unknown> delivered to Maildir /home/sole/.personal/mail/
2019-07-25 04:12:01 msg   156/10138 (19692 bytes) msgid 1/156 from <unknown> delivered to Maildir /home/sole/.personal/mail/
2019-07-25 04:12:01 msg   157/10138 (7940 bytes) msgid 1/157 from <unknown> delivered to Maildir /home/sole/.personal/mail/
2019-07-25 04:12:02 msg   158/10138 (1254 bytes) msgid 1/158 from <unknown> delivered to Maildir /home/sole/.personal/mail/
2019-07-25 04:12:02 msg   159/10138 (43039 bytes) msgid 1/159 from <unknown> delivered to Maildir /home/sole/.personal/mail/
2019-07-25 04:12:02 msg   160/10138 (37203 bytes) msgid 1/160 from <unknown> delivered to Maildir /home/sole/.personal/mail/
2019-07-25 04:12:02 msg   161/10138 (4804 bytes) msgid 1/161 from <unknown> delivered to Maildir /home/sole/.personal/mail/
2019-07-25 04:12:03 msg   162/10138 (4511 bytes) msgid 1/162 from <unknown> delivered to Maildir /home/sole/.personal/mail/
2019-07-25 04:12:03 msg   163/10138 (10022 bytes) msgid 1/163 from <unknown> delivered to Maildir /home/sole/.personal/mail/
2019-07-25 04:12:03 msg   164/10138 (3133 bytes) msgid 1/164 from <unknown> delivered to Maildir /home/sole/.personal/mail/
2019-07-25 04:12:04 msg   165/10138 (12600 bytes) msgid 1/165 from <unknown> delivered to Maildir /home/sole/.personal/mail/
2019-07-25 04:12:04 msg   166/10138 (117715 bytes) msgid 1/166 from <unknown> delivered to Maildir /home/sole/.personal/mail/
2019-07-25 04:12:04 msg   167/10138 (124474 bytes) msgid 1/167 from <unknown> delivered to Maildir /home/sole/.personal/mail/
2019-07-25 04:12:05 msg   168/10138 (19899 bytes) msgid 1/168 from <unknown> delivered to Maildir /home/sole/.personal/mail/
2019-07-25 04:12:05 msg   169/10138 (36789 bytes) msgid 1/169 from <unknown> delivered to Maildir /home/sole/.personal/mail/
2019-07-25 04:12:06 msg   170/10138 (6972 bytes) msgid 1/170 from <unknown> delivered to Maildir /home/sole/.personal/mail/
2019-07-25 04:12:06 msg   171/10138 (29774 bytes) msgid 1/171 from <unknown> delivered to Maildir /home/sole/.personal/mail/
2019-07-25 04:12:06 msg   172/10138 (19334 bytes) msgid 1/172 from <unknown> delivered to Maildir /home/sole/.personal/mail/
2019-07-25 04:12:07 msg   173/10138 (117845 bytes) msgid 1/173 from <unknown> delivered to Maildir /home/sole/.personal/mail/
2019-07-25 04:12:07 msg   174/10138 (60558 bytes) msgid 1/174 from <unknown> delivered to Maildir /home/sole/.personal/mail/
2019-07-25 04:12:07 msg   175/10138 (90013 bytes) msgid 1/175 from <unknown> delivered to Maildir /home/sole/.personal/mail/
2019-07-25 04:12:08 msg   176/10138 (51217 bytes) msgid 1/176 from <unknown> delivered to Maildir /home/sole/.personal/mail/
2019-07-25 04:12:08 msg   177/10138 (1791 bytes) msgid 1/177 from <unknown> delivered to Maildir /home/sole/.personal/mail/
2019-07-25 04:12:08 msg   178/10138 (6179 bytes) msgid 1/178 from <unknown> delivered to Maildir /home/sole/.personal/mail/
2019-07-25 04:12:09 msg   179/10138 (1563 bytes) msgid 1/179 from <unknown> delivered to Maildir /home/sole/.personal/mail/
2019-07-25 04:12:09 msg   180/10138 (39432 bytes) msgid 1/180 from <unknown> delivered to Maildir /home/sole/.personal/mail/
2019-07-25 04:12:09 msg   181/10138 (7870 bytes) msgid 1/181 from <unknown> delivered to Maildir /home/sole/.personal/mail/
2019-07-25 04:12:09 msg   182/10138 (25780 bytes) msgid 1/182 from <unknown> delivered to Maildir /home/sole/.personal/mail/
2019-07-25 04:12:10 msg   183/10138 (6862 bytes) msgid 1/183 from <unknown> delivered to Maildir /home/sole/.personal/mail/
2019-07-25 04:12:10 msg   184/10138 (72624 bytes) msgid 1/184 from <unknown> delivered to Maildir /home/sole/.personal/mail/
2019-07-25 04:12:10 msg   185/10138 (65723 bytes) msgid 1/185 from <unknown> delivered to Maildir /home/sole/.personal/mail/
2019-07-25 04:12:11 msg   186/10138 (56788 bytes) msgid 1/186 from <unknown> delivered to Maildir /home/sole/.personal/mail/
2019-07-25 04:12:11 msg   187/10138 (57171 bytes) msgid 1/187 from <unknown> delivered to Maildir /home/sole/.personal/mail/
2019-07-25 04:12:12 msg   188/10138 (1021816 bytes) msgid 1/188 from <unknown> delivered to Maildir /home/sole/.personal/mail/
2019-07-25 04:12:13 msg   189/10138 (92713 bytes) msgid 1/189 from <unknown> delivered to Maildir /home/sole/.personal/mail/
2019-07-25 04:12:13 msg   190/10138 (388397 bytes) msgid 1/190 from <unknown> delivered to Maildir /home/sole/.personal/mail/
2019-07-25 04:12:14 msg   191/10138 (100407 bytes) msgid 1/191 from <unknown> delivered to Maildir /home/sole/.personal/mail/
2019-07-25 04:12:14 msg   192/10138 (26459 bytes) msgid 1/192 from <unknown> delivered to Maildir /home/sole/.personal/mail/
2019-07-25 04:12:14 msg   193/10138 (7492 bytes) msgid 1/193 from <unknown> delivered to Maildir /home/sole/.personal/mail/
2019-07-25 04:12:15 msg   194/10138 (3905 bytes) msgid 1/194 from <unknown> delivered to Maildir /home/sole/.personal/mail/
2019-07-25 04:12:15 msg   195/10138 (8342 bytes) msgid 1/195 from <unknown> delivered to Maildir /home/sole/.personal/mail/
2019-07-25 04:12:15 msg   196/10138 (6146 bytes) msgid 1/196 from <unknown> delivered to Maildir /home/sole/.personal/mail/
2019-07-25 04:12:16 msg   197/10138 (10929 bytes) msgid 1/197 from <unknown> delivered to Maildir /home/sole/.personal/mail/
2019-07-25 04:12:16 msg   198/10138 (2202 bytes) msgid 1/198 from <unknown> delivered to Maildir /home/sole/.personal/mail/
2019-07-25 04:12:17 msg   199/10138 (231240 bytes) msgid 1/199 from <unknown> delivered to Maildir /home/sole/.personal/mail/
2019-07-25 04:12:17 msg   200/10138 (2197 bytes) msgid 1/200 from <unknown> delivered to Maildir /home/sole/.personal/mail/
2019-07-25 04:12:17 msg   201/10138 (55202 bytes) msgid 1/201 from <unknown> delivered to Maildir /home/sole/.personal/mail/
2019-07-25 04:12:18 msg   202/10138 (64661 bytes) msgid 1/202 from <unknown> delivered to Maildir /home/sole/.personal/mail/
2019-07-25 04:12:18 msg   203/10138 (12807 bytes) msgid 1/203 from <unknown> delivered to Maildir /home/sole/.personal/mail/
2019-07-25 04:12:18 msg   204/10138 (51359 bytes) msgid 1/204 from <unknown> delivered to Maildir /home/sole/.personal/mail/
2019-07-25 04:12:18 msg   205/10138 (36870 bytes) msgid 1/205 from <unknown> delivered to Maildir /home/sole/.personal/mail/
2019-07-25 04:12:19 msg   206/10138 (6813 bytes) msgid 1/206 from <unknown> delivered to Maildir /home/sole/.personal/mail/
2019-07-25 04:12:19 msg   207/10138 (108077 bytes) msgid 1/207 from <unknown> delivered to Maildir /home/sole/.personal/mail/
2019-07-25 04:12:20 msg   208/10138 (63104 bytes) msgid 1/208 from <unknown> delivered to Maildir /home/sole/.personal/mail/
2019-07-25 04:12:20 msg   209/10138 (67789 bytes) msgid 1/209 from <unknown> delivered to Maildir /home/sole/.personal/mail/
2019-07-25 04:12:20 msg   210/10138 (71620 bytes) msgid 1/210 from <unknown> delivered to Maildir /home/sole/.personal/mail/
2019-07-25 04:12:20 msg   211/10138 (4076 bytes) msgid 1/211 from <unknown> delivered to Maildir /home/sole/.personal/mail/
2019-07-25 04:12:21 msg   212/10138 (47943 bytes) msgid 1/212 from <unknown> delivered to Maildir /home/sole/.personal/mail/
2019-07-25 04:12:21 msg   213/10138 (171795 bytes) msgid 1/213 from <unknown> delivered to Maildir /home/sole/.personal/mail/
2019-07-25 04:12:22 msg   214/10138 (6988 bytes) msgid 1/214 from <unknown> delivered to Maildir /home/sole/.personal/mail/
2019-07-25 04:12:22 msg   215/10138 (63104 bytes) msgid 1/215 from <unknown> delivered to Maildir /home/sole/.personal/mail/
2019-07-25 04:12:22 msg   216/10138 (2759 bytes) msgid 1/216 from <unknown> delivered to Maildir /home/sole/.personal/mail/
2019-07-25 04:12:23 msg   217/10138 (26833 bytes) msgid 1/217 from <unknown> delivered to Maildir /home/sole/.personal/mail/
2019-07-25 04:12:23 msg   218/10138 (6890 bytes) msgid 1/218 from <unknown> delivered to Maildir /home/sole/.personal/mail/
2019-07-25 04:12:23 msg   219/10138 (49046 bytes) msgid 1/219 from <unknown> delivered to Maildir /home/sole/.personal/mail/
2019-07-25 04:12:23 msg   220/10138 (6154 bytes) msgid 1/220 from <unknown> delivered to Maildir /home/sole/.personal/mail/
2019-07-25 04:12:24 msg   221/10138 (14918 bytes) msgid 1/221 from <unknown> delivered to Maildir /home/sole/.personal/mail/
2019-07-25 04:12:24 msg   222/10138 (2661 bytes) msgid 1/222 from <unknown> delivered to Maildir /home/sole/.personal/mail/
2019-07-25 04:12:24 msg   223/10138 (11116 bytes) msgid 1/223 from <unknown> delivered to Maildir /home/sole/.personal/mail/
2019-07-25 04:12:25 msg   224/10138 (3523 bytes) msgid 1/224 from <unknown> delivered to Maildir /home/sole/.personal/mail/
2019-07-25 04:12:25 msg   225/10138 (2605 bytes) msgid 1/225 from <unknown> delivered to Maildir /home/sole/.personal/mail/
2019-07-25 04:12:25 msg   226/10138 (6585 bytes) msgid 1/226 from <unknown> delivered to Maildir /home/sole/.personal/mail/
2019-07-25 04:12:26 msg   227/10138 (101196 bytes) msgid 1/227 from <unknown> delivered to Maildir /home/sole/.personal/mail/
2019-07-25 04:12:26 msg   228/10138 (93392 bytes) msgid 1/228 from <unknown> delivered to Maildir /home/sole/.personal/mail/
2019-07-25 04:12:26 msg   229/10138 (1108 bytes) msgid 1/229 from <unknown> delivered to Maildir /home/sole/.personal/mail/
2019-07-25 04:12:26 msg   230/10138 (33149 bytes) msgid 1/230 from <unknown> delivered to Maildir /home/sole/.personal/mail/
2019-07-25 04:12:27 msg   231/10138 (33995 bytes) msgid 1/231 from <unknown> delivered to Maildir /home/sole/.personal/mail/
2019-07-25 04:12:27 msg   232/10138 (22620 bytes) msgid 1/232 from <unknown> delivered to Maildir /home/sole/.personal/mail/
2019-07-25 04:12:27 msg   233/10138 (2828 bytes) msgid 1/233 from <unknown> delivered to Maildir /home/sole/.personal/mail/
2019-07-25 04:12:28 msg   234/10138 (59981 bytes) msgid 1/234 from <unknown> delivered to Maildir /home/sole/.personal/mail/
2019-07-25 04:12:28 msg   235/10138 (94312 bytes) msgid 1/235 from <unknown> delivered to Maildir /home/sole/.personal/mail/
2019-07-25 04:12:28 msg   236/10138 (18802 bytes) msgid 1/236 from <unknown> delivered to Maildir /home/sole/.personal/mail/
2019-07-25 04:12:29 msg   237/10138 (52962 bytes) msgid 1/237 from <unknown> delivered to Maildir /home/sole/.personal/mail/
2019-07-25 04:12:30 msg   238/10138 (39106 bytes) msgid 1/238 from <unknown> delivered to Maildir /home/sole/.personal/mail/
2019-07-25 04:12:30 msg   239/10138 (68090 bytes) msgid 1/239 from <unknown> delivered to Maildir /home/sole/.personal/mail/
2019-07-25 04:12:31 msg   240/10138 (43787 bytes) msgid 1/240 from <unknown> delivered to Maildir /home/sole/.personal/mail/
2019-07-25 04:12:31 msg   241/10138 (36760 bytes) msgid 1/241 from <unknown> delivered to Maildir /home/sole/.personal/mail/
2019-07-25 04:12:31 msg   242/10138 (29420 bytes) msgid 1/242 from <unknown> delivered to Maildir /home/sole/.personal/mail/
2019-07-25 04:12:32 msg   243/10138 (143714 bytes) msgid 1/243 from <unknown> delivered to Maildir /home/sole/.personal/mail/
2019-07-25 04:12:32 msg   244/10138 (6561 bytes) msgid 1/244 from <unknown> delivered to Maildir /home/sole/.personal/mail/
2019-07-25 04:12:33 msg   245/10138 (37191 bytes) msgid 1/245 from <unknown> delivered to Maildir /home/sole/.personal/mail/
2019-07-25 04:12:34 msg   246/10138 (105446 bytes) msgid 1/246 from <unknown> delivered to Maildir /home/sole/.personal/mail/
2019-07-25 04:12:34 msg   247/10138 (74369 bytes) msgid 1/247 from <unknown> delivered to Maildir /home/sole/.personal/mail/
2019-07-25 04:12:34 msg   248/10138 (13304 bytes) msgid 1/248 from <unknown> delivered to Maildir /home/sole/.personal/mail/
2019-07-25 04:12:35 msg   249/10138 (227983 bytes) msgid 1/249 from <unknown> delivered to Maildir /home/sole/.personal/mail/
2019-07-25 04:12:35 msg   250/10138 (3588 bytes) msgid 1/250 from <unknown> delivered to Maildir /home/sole/.personal/mail/
2019-07-25 04:12:35 msg   251/10138 (75133 bytes) msgid 1/251 from <unknown> delivered to Maildir /home/sole/.personal/mail/
2019-07-25 04:12:36 msg   252/10138 (130387 bytes) msgid 1/252 from <unknown> delivered to Maildir /home/sole/.personal/mail/
2019-07-25 04:12:37 msg   253/10138 (36865 bytes) msgid 1/253 from <unknown> delivered to Maildir /home/sole/.personal/mail/
2019-07-25 04:12:37 msg   254/10138 (4145 bytes) msgid 1/254 from <unknown> delivered to Maildir /home/sole/.personal/mail/
2019-07-25 04:12:38 msg   255/10138 (4121 bytes) msgid 1/255 from <unknown> delivered to Maildir /home/sole/.personal/mail/
2019-07-25 04:12:38 msg   256/10138 (137272 bytes) msgid 1/256 from <unknown> delivered to Maildir /home/sole/.personal/mail/
2019-07-25 04:12:38 msg   257/10138 (1539 bytes) msgid 1/257 from <unknown> delivered to Maildir /home/sole/.personal/mail/
2019-07-25 04:12:39 msg   258/10138 (1892 bytes) msgid 1/258 from <unknown> delivered to Maildir /home/sole/.personal/mail/
2019-07-25 04:12:39 msg   259/10138 (1587 bytes) msgid 1/259 from <unknown> delivered to Maildir /home/sole/.personal/mail/
2019-07-25 04:12:39 msg   260/10138 (1892 bytes) msgid 1/260 from <unknown> delivered to Maildir /home/sole/.personal/mail/
2019-07-25 04:12:39 msg   261/10138 (3361 bytes) msgid 1/261 from <unknown> delivered to Maildir /home/sole/.personal/mail/
2019-07-25 04:12:40 msg   262/10138 (3897 bytes) msgid 1/262 from <unknown> delivered to Maildir /home/sole/.personal/mail/
2019-07-25 04:12:40 msg   263/10138 (1364 bytes) msgid 1/263 from <unknown> delivered to Maildir /home/sole/.personal/mail/
2019-07-25 04:12:40 msg   264/10138 (1262 bytes) msgid 1/264 from <unknown> delivered to Maildir /home/sole/.personal/mail/
2019-07-25 04:12:40 msg   265/10138 (6154 bytes) msgid 1/265 from <unknown> delivered to Maildir /home/sole/.personal/mail/
2019-07-25 04:12:41 msg   266/10138 (29367 bytes) msgid 1/266 from <unknown> delivered to Maildir /home/sole/.personal/mail/
2019-07-25 04:12:41 msg   267/10138 (14414 bytes) msgid 1/267 from <unknown> delivered to Maildir /home/sole/.personal/mail/
2019-07-25 04:12:41 msg   268/10138 (41376 bytes) msgid 1/268 from <unknown> delivered to Maildir /home/sole/.personal/mail/
2019-07-25 04:12:41 msg   269/10138 (5191 bytes) msgid 1/269 from <unknown> delivered to Maildir /home/sole/.personal/mail/
2019-07-25 04:12:43 msg   270/10138 (62813 bytes) msgid 1/270 from <unknown> delivered to Maildir /home/sole/.personal/mail/
2019-07-25 04:12:43 msg   271/10138 (2161 bytes) msgid 1/271 from <unknown> delivered to Maildir /home/sole/.personal/mail/
2019-07-25 04:12:44 msg   272/10138 (66683 bytes) msgid 1/272 from <unknown> delivered to Maildir /home/sole/.personal/mail/
2019-07-25 04:12:44 msg   273/10138 (32876 bytes) msgid 1/273 from <unknown> delivered to Maildir /home/sole/.personal/mail/
2019-07-25 04:12:44 msg   274/10138 (3304 bytes) msgid 1/274 from <unknown> delivered to Maildir /home/sole/.personal/mail/
2019-07-25 04:12:44 msg   275/10138 (97353 bytes) msgid 1/275 from <unknown> delivered to Maildir /home/sole/.personal/mail/
2019-07-25 04:12:45 msg   276/10138 (238272 bytes) msgid 1/276 from <unknown> delivered to Maildir /home/sole/.personal/mail/
2019-07-25 04:12:45 msg   277/10138 (49525 bytes) msgid 1/277 from <unknown> delivered to Maildir /home/sole/.personal/mail/
2019-07-25 04:12:46 msg   278/10138 (17919 bytes) msgid 1/278 from <unknown> delivered to Maildir /home/sole/.personal/mail/
2019-07-25 04:12:46 msg   279/10138 (36882 bytes) msgid 1/279 from <unknown> delivered to Maildir /home/sole/.personal/mail/
2019-07-25 04:12:46 msg   280/10138 (8814 bytes) msgid 1/280 from <unknown> delivered to Maildir /home/sole/.personal/mail/
2019-07-25 04:12:46 msg   281/10138 (28179 bytes) msgid 1/281 from <unknown> delivered to Maildir /home/sole/.personal/mail/
2019-07-25 04:12:47 msg   282/10138 (98735 bytes) msgid 1/282 from <unknown> delivered to Maildir /home/sole/.personal/mail/
2019-07-25 04:12:48 msg   283/10138 (3304 bytes) msgid 1/283 from <unknown> delivered to Maildir /home/sole/.personal/mail/
2019-07-25 04:12:48 msg   284/10138 (60001 bytes) msgid 1/284 from <unknown> delivered to Maildir /home/sole/.personal/mail/
2019-07-25 04:12:49 msg   285/10138 (128561 bytes) msgid 1/285 from <unknown> delivered to Maildir /home/sole/.personal/mail/
2019-07-25 04:12:49 msg   286/10138 (122010 bytes) msgid 1/286 from <unknown> delivered to Maildir /home/sole/.personal/mail/
2019-07-25 04:12:49 msg   287/10138 (54373 bytes) msgid 1/287 from <unknown> delivered to Maildir /home/sole/.personal/mail/
2019-07-25 04:12:50 msg   288/10138 (114328 bytes) msgid 1/288 from <unknown> delivered to Maildir /home/sole/.personal/mail/
2019-07-25 04:12:50 msg   289/10138 (75177 bytes) msgid 1/289 from <unknown> delivered to Maildir /home/sole/.personal/mail/
2019-07-25 04:12:50 msg   290/10138 (117711 bytes) msgid 1/290 from <unknown> delivered to Maildir /home/sole/.personal/mail/
2019-07-25 04:12:51 msg   291/10138 (38440 bytes) msgid 1/291 from <unknown> delivered to Maildir /home/sole/.personal/mail/
2019-07-25 04:12:51 msg   292/10138 (6594 bytes) msgid 1/292 from <unknown> delivered to Maildir /home/sole/.personal/mail/
2019-07-25 04:12:51 msg   293/10138 (43092 bytes) msgid 1/293 from <unknown> delivered to Maildir /home/sole/.personal/mail/
2019-07-25 04:12:52 msg   294/10138 (42148 bytes) msgid 1/294 from <unknown> delivered to Maildir /home/sole/.personal/mail/
2019-07-25 04:12:52 msg   295/10138 (9660 bytes) msgid 1/295 from <unknown> delivered to Maildir /home/sole/.personal/mail/
2019-07-25 04:12:52 msg   296/10138 (6650 bytes) msgid 1/296 from <unknown> delivered to Maildir /home/sole/.personal/mail/
2019-07-25 04:12:52 msg   297/10138 (65349 bytes) msgid 1/297 from <unknown> delivered to Maildir /home/sole/.personal/mail/
2019-07-25 04:12:53 msg   298/10138 (8810 bytes) msgid 1/298 from <unknown> delivered to Maildir /home/sole/.personal/mail/
2019-07-25 04:12:53 msg   299/10138 (3389 bytes) msgid 1/299 from <unknown> delivered to Maildir /home/sole/.personal/mail/
2019-07-25 04:12:54 msg   300/10138 (9965 bytes) msgid 1/300 from <unknown> delivered to Maildir /home/sole/.personal/mail/
2019-07-25 04:12:54 msg   301/10138 (14503 bytes) msgid 1/301 from <unknown> delivered to Maildir /home/sole/.personal/mail/
2019-07-25 04:12:54 msg   302/10138 (59826 bytes) msgid 1/302 from <unknown> delivered to Maildir /home/sole/.personal/mail/
2019-07-25 04:12:54 msg   303/10138 (4816 bytes) msgid 1/303 from <unknown> delivered to Maildir /home/sole/.personal/mail/
2019-07-25 04:12:55 msg   304/10138 (40371 bytes) msgid 1/304 from <unknown> delivered to Maildir /home/sole/.personal/mail/
2019-07-25 04:12:55 msg   305/10138 (1108 bytes) msgid 1/305 from <unknown> delivered to Maildir /home/sole/.personal/mail/
2019-07-25 04:12:55 msg   306/10138 (5910 bytes) msgid 1/306 from <unknown> delivered to Maildir /home/sole/.personal/mail/
2019-07-25 04:12:55 msg   307/10138 (68883 bytes) msgid 1/307 from <unknown> delivered to Maildir /home/sole/.personal/mail/
2019-07-25 04:12:56 msg   308/10138 (65544 bytes) msgid 1/308 from <unknown> delivered to Maildir /home/sole/.personal/mail/
2019-07-25 04:12:56 msg   309/10138 (22571 bytes) msgid 1/309 from <unknown> delivered to Maildir /home/sole/.personal/mail/
2019-07-25 04:12:56 msg   310/10138 (100005 bytes) msgid 1/310 from <unknown> delivered to Maildir /home/sole/.personal/mail/
2019-07-25 04:12:58 msg   311/10138 (85031 bytes) msgid 1/311 from <unknown> delivered to Maildir /home/sole/.personal/mail/
2019-07-25 04:13:00 msg   312/10138 (96710 bytes) msgid 1/312 from <unknown> delivered to Maildir /home/sole/.personal/mail/
2019-07-25 04:13:00 msg   313/10138 (3600 bytes) msgid 1/313 from <unknown> delivered to Maildir /home/sole/.personal/mail/
2019-07-25 04:13:01 msg   314/10138 (7801 bytes) msgid 1/314 from <unknown> delivered to Maildir /home/sole/.personal/mail/
2019-07-25 04:13:01 msg   315/10138 (35621 bytes) msgid 1/315 from <unknown> delivered to Maildir /home/sole/.personal/mail/
2019-07-25 04:13:02 msg   316/10138 (3100 bytes) msgid 1/316 from <unknown> delivered to Maildir /home/sole/.personal/mail/
2019-07-25 04:13:02 msg   317/10138 (2864 bytes) msgid 1/317 from <unknown> delivered to Maildir /home/sole/.personal/mail/
2019-07-25 04:13:03 msg   318/10138 (3702 bytes) msgid 1/318 from <unknown> delivered to Maildir /home/sole/.personal/mail/
2019-07-25 04:13:03 msg   319/10138 (41075 bytes) msgid 1/319 from <unknown> delivered to Maildir /home/sole/.personal/mail/
2019-07-25 04:13:03 msg   320/10138 (65434 bytes) msgid 1/320 from <unknown> delivered to Maildir /home/sole/.personal/mail/
2019-07-25 04:13:03 msg   321/10138 (46833 bytes) msgid 1/321 from <unknown> delivered to Maildir /home/sole/.personal/mail/
2019-07-25 04:13:04 msg   322/10138 (25430 bytes) msgid 1/322 from <unknown> delivered to Maildir /home/sole/.personal/mail/
2019-07-25 04:13:04 msg   323/10138 (3535 bytes) msgid 1/323 from <unknown> delivered to Maildir /home/sole/.personal/mail/
2019-07-25 04:13:04 msg   324/10138 (98081 bytes) msgid 1/324 from <unknown> delivered to Maildir /home/sole/.personal/mail/
2019-07-25 04:13:05 msg   325/10138 (2023 bytes) msgid 1/325 from <unknown> delivered to Maildir /home/sole/.personal/mail/
2019-07-25 04:13:05 msg   326/10138 (3617 bytes) msgid 1/326 from <unknown> delivered to Maildir /home/sole/.personal/mail/
2019-07-25 04:13:05 msg   327/10138 (5874 bytes) msgid 1/327 from <unknown> delivered to Maildir /home/sole/.personal/mail/
2019-07-25 04:13:06 msg   328/10138 (26724 bytes) msgid 1/328 from <unknown> delivered to Maildir /home/sole/.personal/mail/
2019-07-25 04:13:06 msg   329/10138 (11628 bytes) msgid 1/329 from <unknown> delivered to Maildir /home/sole/.personal/mail/
2019-07-25 04:13:06 msg   330/10138 (70652 bytes) msgid 1/330 from <unknown> delivered to Maildir /home/sole/.personal/mail/
2019-07-25 04:13:06 msg   331/10138 (14519 bytes) msgid 1/331 from <unknown> delivered to Maildir /home/sole/.personal/mail/
